#-----------------------------------------------------------
# Vivado v2017.4 (64-bit)
# SW Build 2086221 on Fri Dec 15 20:55:39 MST 2017
# IP Build 2085800 on Fri Dec 15 22:25:07 MST 2017
# Start of session at: Mon May 22 17:55:16 2023
# Process ID: 18828
# Current directory: D:/lhy/semester2-2/computer_organization/lab/CS214-Proj
# Command line: vivado.exe -gui_launcher_event rodinguilauncherevent13084 D:\lhy\semester2-2\computer_organization\lab\CS214-Proj\proj.xpr
# Log file: D:/lhy/semester2-2/computer_organization/lab/CS214-Proj/vivado.log
# Journal file: D:/lhy/semester2-2/computer_organization/lab/CS214-Proj\vivado.jou
#-----------------------------------------------------------
start_gui
open_project D:/lhy/semester2-2/computer_organization/lab/CS214-Proj/proj.xpr
INFO: [Project 1-313] Project file moved from 'D:/workshops/sundry workshop/CO/project/CS214-Proj' since last save.
Scanning sources...
Finished scanning sources
INFO: [IP_Flow 19-234] Refreshing IP repositories
INFO: [IP_Flow 19-1704] No user IP repositories specified
INFO: [IP_Flow 19-2313] Loaded Vivado IP repository 'D:/Xilinx/Vivado/2017.4/data/ip'.
update_compile_order -fileset sources_1
reset_run synth_1
WARNING: [Vivado 12-1017] Problems encountered:
1. Couldn't access process for termination

exit
INFO: [Common 17-206] Exiting Vivado at Mon May 22 17:58:12 2023...
