#-----------------------------------------------------------
# Vivado v2017.4 (64-bit)
# SW Build 2086221 on Fri Dec 15 20:55:39 MST 2017
# IP Build 2085800 on Fri Dec 15 22:25:07 MST 2017
# Start of session at: Sun May 28 20:13:17 2023
# Process ID: 18788
# Current directory: D:/lhy/semester2-2/computer_organization/lab/CS214-Proj
# Command line: vivado.exe -gui_launcher_event rodinguilauncherevent16516 D:\lhy\semester2-2\computer_organization\lab\CS214-Proj\proj.xpr
# Log file: D:/lhy/semester2-2/computer_organization/lab/CS214-Proj/vivado.log
# Journal file: D:/lhy/semester2-2/computer_organization/lab/CS214-Proj\vivado.jou
#-----------------------------------------------------------
start_gui
open_project D:/lhy/semester2-2/computer_organization/lab/CS214-Proj/proj.xpr
Scanning sources...
Finished scanning sources
INFO: [IP_Flow 19-234] Refreshing IP repositories
INFO: [IP_Flow 19-1704] No user IP repositories specified
INFO: [IP_Flow 19-2313] Loaded Vivado IP repository 'D:/Xilinx/Vivado/2017.4/data/ip'.
exit
INFO: [Common 17-206] Exiting Vivado at Sun May 28 20:17:31 2023...
