#-----------------------------------------------------------
# Vivado v2017.4 (64-bit)
# SW Build 2086221 on Fri Dec 15 20:55:39 MST 2017
# IP Build 2085800 on Fri Dec 15 22:25:07 MST 2017
# Start of session at: Sun May 28 20:59:25 2023
# Process ID: 13124
# Current directory: D:/lhy/semester2-2/computer_organization/lab/CS214-Proj
# Command line: vivado.exe -gui_launcher_event rodinguilauncherevent20872 D:\lhy\semester2-2\computer_organization\lab\CS214-Proj\proj.xpr
# Log file: D:/lhy/semester2-2/computer_organization/lab/CS214-Proj/vivado.log
# Journal file: D:/lhy/semester2-2/computer_organization/lab/CS214-Proj\vivado.jou
#-----------------------------------------------------------
start_gui
open_project D:/lhy/semester2-2/computer_organization/lab/CS214-Proj/proj.xpr
Scanning sources...
Finished scanning sources
INFO: [IP_Flow 19-234] Refreshing IP repositories
INFO: [IP_Flow 19-1704] No user IP repositories specified
INFO: [IP_Flow 19-2313] Loaded Vivado IP repository 'D:/Xilinx/Vivado/2017.4/data/ip'.
INFO: [Device 21-403] Loading part xc7a100tfgg484-1
WARNING: [IP_Flow 19-4067] Ignoring invalid widget type specified checkbox.Providing a default widget
WARNING: [IP_Flow 19-4067] Ignoring invalid widget type specified checkbox.Providing a default widget
set_property -dict [list CONFIG.Coe_File {d:/lhy/semester2-2/computer_organization/lab/CS214-Proj/proj.srcs/sources_1/ip/RAM/dmem32.coe}] [get_ips RAM]
INFO: [IP_Flow 19-3484] Absolute path of file 'd:/lhy/semester2-2/computer_organization/lab/CS214-Proj/proj.srcs/sources_1/ip/RAM/dmem32.coe' provided. It will be converted relative to IP Instance files 'dmem32.coe'
generate_target all [get_files  D:/lhy/semester2-2/computer_organization/lab/CS214-Proj/proj.srcs/sources_1/ip/RAM/RAM.xci]
INFO: [IP_Flow 19-1686] Generating 'Instantiation Template' target for IP 'RAM'...
INFO: [IP_Flow 19-1686] Generating 'Synthesis' target for IP 'RAM'...
INFO: [IP_Flow 19-1686] Generating 'Simulation' target for IP 'RAM'...
INFO: [IP_Flow 19-1686] Generating 'Miscellaneous' target for IP 'RAM'...
INFO: [IP_Flow 19-1686] Generating 'Change Log' target for IP 'RAM'...
catch { config_ip_cache -export [get_ips -all RAM] }
INFO: [IP_Flow 19-4993] Using cached IP synthesis design for IP RAM, cache-ID = 1aa89aa0844684f9; cache size = 13.702 MB.
export_ip_user_files -of_objects [get_files D:/lhy/semester2-2/computer_organization/lab/CS214-Proj/proj.srcs/sources_1/ip/RAM/RAM.xci] -no_script -sync -force -quiet
create_ip_run [get_files -of_objects [get_fileset sources_1] D:/lhy/semester2-2/computer_organization/lab/CS214-Proj/proj.srcs/sources_1/ip/RAM/RAM.xci]
INFO: [Vivado 12-3453] The given sub-design is up-to-date, no action was taken.  If a run is still desired, use the '-force' option for the file:'D:/lhy/semester2-2/computer_organization/lab/CS214-Proj/proj.srcs/sources_1/ip/RAM/RAM.xci'
export_simulation -of_objects [get_files D:/lhy/semester2-2/computer_organization/lab/CS214-Proj/proj.srcs/sources_1/ip/RAM/RAM.xci] -directory D:/lhy/semester2-2/computer_organization/lab/CS214-Proj/proj.ip_user_files/sim_scripts -ip_user_files_dir D:/lhy/semester2-2/computer_organization/lab/CS214-Proj/proj.ip_user_files -ipstatic_source_dir D:/lhy/semester2-2/computer_organization/lab/CS214-Proj/proj.ip_user_files/ipstatic -lib_map_path [list {modelsim=D:/lhy/semester2-2/computer_organization/lab/CS214-Proj/proj.cache/compile_simlib/modelsim} {questa=D:/lhy/semester2-2/computer_organization/lab/CS214-Proj/proj.cache/compile_simlib/questa} {riviera=D:/lhy/semester2-2/computer_organization/lab/CS214-Proj/proj.cache/compile_simlib/riviera} {activehdl=D:/lhy/semester2-2/computer_organization/lab/CS214-Proj/proj.cache/compile_simlib/activehdl}] -use_ip_compiled_libs -force -quiet
WARNING: [IP_Flow 19-4067] Ignoring invalid widget type specified checkbox.Providing a default widget
WARNING: [IP_Flow 19-4067] Ignoring invalid widget type specified checkbox.Providing a default widget
set_property -dict [list CONFIG.Coe_File {d:/lhy/semester2-2/computer_organization/lab/CS214-Proj/proj.srcs/sources_1/ip/ROM/prgmip32.coe}] [get_ips ROM]
INFO: [IP_Flow 19-3484] Absolute path of file 'd:/lhy/semester2-2/computer_organization/lab/CS214-Proj/proj.srcs/sources_1/ip/ROM/prgmip32.coe' provided. It will be converted relative to IP Instance files 'prgmip32.coe'
generate_target all [get_files  D:/lhy/semester2-2/computer_organization/lab/CS214-Proj/proj.srcs/sources_1/ip/ROM/ROM.xci]
INFO: [IP_Flow 19-1686] Generating 'Instantiation Template' target for IP 'ROM'...
INFO: [IP_Flow 19-1686] Generating 'Synthesis' target for IP 'ROM'...
INFO: [IP_Flow 19-1686] Generating 'Simulation' target for IP 'ROM'...
INFO: [IP_Flow 19-1686] Generating 'Miscellaneous' target for IP 'ROM'...
INFO: [IP_Flow 19-1686] Generating 'Change Log' target for IP 'ROM'...
catch { config_ip_cache -export [get_ips -all ROM] }
export_ip_user_files -of_objects [get_files D:/lhy/semester2-2/computer_organization/lab/CS214-Proj/proj.srcs/sources_1/ip/ROM/ROM.xci] -no_script -sync -force -quiet
reset_run ROM_synth_1
launch_runs -jobs 4 ROM_synth_1
[Sun May 28 21:00:12 2023] Launched ROM_synth_1...
Run output will be captured here: D:/lhy/semester2-2/computer_organization/lab/CS214-Proj/proj.runs/ROM_synth_1/runme.log
export_simulation -of_objects [get_files D:/lhy/semester2-2/computer_organization/lab/CS214-Proj/proj.srcs/sources_1/ip/ROM/ROM.xci] -directory D:/lhy/semester2-2/computer_organization/lab/CS214-Proj/proj.ip_user_files/sim_scripts -ip_user_files_dir D:/lhy/semester2-2/computer_organization/lab/CS214-Proj/proj.ip_user_files -ipstatic_source_dir D:/lhy/semester2-2/computer_organization/lab/CS214-Proj/proj.ip_user_files/ipstatic -lib_map_path [list {modelsim=D:/lhy/semester2-2/computer_organization/lab/CS214-Proj/proj.cache/compile_simlib/modelsim} {questa=D:/lhy/semester2-2/computer_organization/lab/CS214-Proj/proj.cache/compile_simlib/questa} {riviera=D:/lhy/semester2-2/computer_organization/lab/CS214-Proj/proj.cache/compile_simlib/riviera} {activehdl=D:/lhy/semester2-2/computer_organization/lab/CS214-Proj/proj.cache/compile_simlib/activehdl}] -use_ip_compiled_libs -force -quiet
reset_run synth_1
WARNING: [Vivado 12-1017] Problems encountered:
1. Failed to delete one or more files in run directory D:/lhy/semester2-2/computer_organization/lab/CS214-Proj/proj.runs/synth_1

launch_runs impl_1 -to_step write_bitstream -jobs 4
INFO: [Vivado 12-4149] The synthesis checkpoint for IP 'D:/lhy/semester2-2/computer_organization/lab/CS214-Proj/proj.srcs/sources_1/ip/RAM/RAM.xci' is already up-to-date
[Sun May 28 21:00:22 2023] Launched ROM_synth_1, synth_1...
Run output will be captured here:
ROM_synth_1: D:/lhy/semester2-2/computer_organization/lab/CS214-Proj/proj.runs/ROM_synth_1/runme.log
synth_1: D:/lhy/semester2-2/computer_organization/lab/CS214-Proj/proj.runs/synth_1/runme.log
[Sun May 28 21:00:22 2023] Launched impl_1...
Run output will be captured here: D:/lhy/semester2-2/computer_organization/lab/CS214-Proj/proj.runs/impl_1/runme.log
open_hw
connect_hw_server
INFO: [Labtools 27-2285] Connecting to hw_server url TCP:localhost:3121
INFO: [Labtools 27-2222] Launching hw_server...
INFO: [Labtools 27-2221] Launch Output:

****** Xilinx hw_server v2017.4
  **** Build date : Dec 15 2017-21:08:27
    ** Copyright 1986-2017 Xilinx, Inc. All Rights Reserved.


open_hw_target
INFO: [Labtoolstcl 44-466] Opening hw_target localhost:3121/xilinx_tcf/Xilinx/1234-tulA
set_property PROGRAM.FILE {D:/lhy/semester2-2/computer_organization/lab/CS214-Proj/proj.runs/impl_1/pipelinedcpu.bit} [get_hw_devices xc7a100t_0]
current_hw_device [get_hw_devices xc7a100t_0]
refresh_hw_device -update_hw_probes false [lindex [get_hw_devices xc7a100t_0] 0]
INFO: [Labtools 27-1434] Device xc7a100t (JTAG device index = 0) is programmed with a design that has no supported debug core(s) in it.
WARNING: [Labtools 27-3361] The debug hub core was not detected.
Resolution: 
1. Make sure the clock connected to the debug hub (dbg_hub) core is a free running clock and is active.
2. Make sure the BSCAN_SWITCH_USER_MASK device property in Vivado Hardware Manager reflects the user scan chain setting in the design and refresh the device.  To determine the user scan chain setting in the design, open the implemented design and use 'get_property C_USER_SCAN_CHAIN [get_debug_cores dbg_hub]'.
For more details on setting the scan chain property, consult the Vivado Debug and Programming User Guide (UG908).
set_property PROBES.FILE {} [get_hw_devices xc7a100t_0]
set_property FULL_PROBES.FILE {} [get_hw_devices xc7a100t_0]
set_property PROGRAM.FILE {D:/lhy/semester2-2/computer_organization/lab/CS214-Proj/proj.runs/impl_1/pipelinedcpu.bit} [get_hw_devices xc7a100t_0]
program_hw_devices [get_hw_devices xc7a100t_0]
INFO: [Labtools 27-3164] End of startup status: HIGH
refresh_hw_device [lindex [get_hw_devices xc7a100t_0] 0]
INFO: [Labtools 27-1434] Device xc7a100t (JTAG device index = 0) is programmed with a design that has no supported debug core(s) in it.
WARNING: [Labtools 27-3361] The debug hub core was not detected.
Resolution: 
1. Make sure the clock connected to the debug hub (dbg_hub) core is a free running clock and is active.
2. Make sure the BSCAN_SWITCH_USER_MASK device property in Vivado Hardware Manager reflects the user scan chain setting in the design and refresh the device.  To determine the user scan chain setting in the design, open the implemented design and use 'get_property C_USER_SCAN_CHAIN [get_debug_cores dbg_hub]'.
For more details on setting the scan chain property, consult the Vivado Debug and Programming User Guide (UG908).
close_hw
exit
INFO: [Common 17-206] Exiting Vivado at Sun May 28 21:16:56 2023...
