#-----------------------------------------------------------
# Vivado v2017.4 (64-bit)
# SW Build 2086221 on Fri Dec 15 20:55:39 MST 2017
# IP Build 2085800 on Fri Dec 15 22:25:07 MST 2017
# Start of session at: Sun May 21 20:30:46 2023
# Process ID: 181448
# Current directory: D:/workshops/sundry workshop/CO/project/CS214-Proj
# Command line: vivado.exe -gui_launcher_event rodinguilauncherevent177008 D:\workshops\sundry workshop\CO\project\CS214-Proj\proj.xpr
# Log file: D:/workshops/sundry workshop/CO/project/CS214-Proj/vivado.log
# Journal file: D:/workshops/sundry workshop/CO/project/CS214-Proj\vivado.jou
#-----------------------------------------------------------
start_gui
open_project {D:/workshops/sundry workshop/CO/project/CS214-Proj/proj.xpr}
INFO: [Project 1-313] Project file moved from 'D:/Class/CS214/CS214-Proj' since last save.
Scanning sources...
Finished scanning sources
INFO: [IP_Flow 19-234] Refreshing IP repositories
INFO: [IP_Flow 19-1704] No user IP repositories specified
INFO: [IP_Flow 19-2313] Loaded Vivado IP repository 'D:/vivado/Vivado/2017.4/data/ip'.
update_compile_order -fileset sources_1
launch_runs synth_1 -jobs 6
[Sun May 21 20:44:18 2023] Launched synth_1...
Run output will be captured here: D:/workshops/sundry workshop/CO/project/CS214-Proj/proj.runs/synth_1/runme.log
reset_run synth_1
launch_runs synth_1 -jobs 6
[Sun May 21 20:44:58 2023] Launched synth_1...
Run output will be captured here: D:/workshops/sundry workshop/CO/project/CS214-Proj/proj.runs/synth_1/runme.log
reset_run synth_1
launch_runs synth_1 -jobs 6
[Sun May 21 20:46:10 2023] Launched synth_1...
Run output will be captured here: D:/workshops/sundry workshop/CO/project/CS214-Proj/proj.runs/synth_1/runme.log
reset_run synth_1
launch_runs synth_1 -jobs 6
[Sun May 21 20:47:19 2023] Launched synth_1...
Run output will be captured here: D:/workshops/sundry workshop/CO/project/CS214-Proj/proj.runs/synth_1/runme.log
reset_run synth_1
launch_runs synth_1 -jobs 6
[Sun May 21 20:58:41 2023] Launched synth_1...
Run output will be captured here: D:/workshops/sundry workshop/CO/project/CS214-Proj/proj.runs/synth_1/runme.log
