INFO: [VRFC 10-2263] Analyzing Verilog file "D:/lhy/semester2-2/computer_organization/lab/CS214-Proj/proj.sim/sim_1/synth/func/xsim/cpu_test_func_synth.v" into library xil_defaultlib
INFO: [VRFC 10-311] analyzing module FSM2
INFO: [VRFC 10-311] analyzing module MemOrIO
INFO: [VRFC 10-311] analyzing module RAM
INFO: [VRFC 10-311] analyzing module ROM
INFO: [VRFC 10-311] analyzing module alu
INFO: [VRFC 10-311] analyzing module dffe32
INFO: [VRFC 10-311] analyzing module dffe32__1
INFO: [VRFC 10-311] analyzing module dffe32__2
INFO: [VRFC 10-311] analyzing module mux2x32
INFO: [VRFC 10-311] analyzing module mux2x32__1
INFO: [VRFC 10-311] analyzing module mux2x32__2
INFO: [VRFC 10-311] analyzing module mux2x32__3
INFO: [VRFC 10-311] analyzing module mux2x5
INFO: [VRFC 10-311] analyzing module mux4x32
INFO: [VRFC 10-311] analyzing module mux4x32__1
INFO: [VRFC 10-311] analyzing module mux4x32__2
INFO: [VRFC 10-311] analyzing module mux4x32__3
INFO: [VRFC 10-311] analyzing module pipedereg
INFO: [VRFC 10-311] analyzing module pipeemreg
INFO: [VRFC 10-311] analyzing module pipeexe
INFO: [VRFC 10-311] analyzing module pipeid
INFO: [VRFC 10-311] analyzing module pipeidcu
INFO: [VRFC 10-311] analyzing module pipeif
INFO: [VRFC 10-311] analyzing module pipeimem
INFO: [VRFC 10-311] analyzing module pipeir
INFO: [VRFC 10-311] analyzing module pipelinedcpu
INFO: [VRFC 10-311] analyzing module pipemem
INFO: [VRFC 10-311] analyzing module pipemwreg
INFO: [VRFC 10-311] analyzing module pipepc
INFO: [VRFC 10-311] analyzing module regfile
INFO: [VRFC 10-311] analyzing module seg_display
INFO: [VRFC 10-311] analyzing module seg_enc
INFO: [VRFC 10-311] analyzing module shift
INFO: [VRFC 10-311] analyzing module RAM__bindec
INFO: [VRFC 10-311] analyzing module RAM__blk_mem_gen_generic_cstr
INFO: [VRFC 10-311] analyzing module RAM__blk_mem_gen_mux
INFO: [VRFC 10-311] analyzing module RAM__blk_mem_gen_prim_width
INFO: [VRFC 10-311] analyzing module RAM__blk_mem_gen_prim_width__parameterized0
INFO: [VRFC 10-311] analyzing module RAM__blk_mem_gen_prim_width__parameterized1
INFO: [VRFC 10-311] analyzing module RAM__blk_mem_gen_prim_width__parameterized10
INFO: [VRFC 10-311] analyzing module RAM__blk_mem_gen_prim_width__parameterized11
INFO: [VRFC 10-311] analyzing module RAM__blk_mem_gen_prim_width__parameterized12
INFO: [VRFC 10-311] analyzing module RAM__blk_mem_gen_prim_width__parameterized13
INFO: [VRFC 10-311] analyzing module RAM__blk_mem_gen_prim_width__parameterized2
INFO: [VRFC 10-311] analyzing module RAM__blk_mem_gen_prim_width__parameterized3
INFO: [VRFC 10-311] analyzing module RAM__blk_mem_gen_prim_width__parameterized4
INFO: [VRFC 10-311] analyzing module RAM__blk_mem_gen_prim_width__parameterized5
INFO: [VRFC 10-311] analyzing module RAM__blk_mem_gen_prim_width__parameterized6
INFO: [VRFC 10-311] analyzing module RAM__blk_mem_gen_prim_width__parameterized7
INFO: [VRFC 10-311] analyzing module RAM__blk_mem_gen_prim_width__parameterized8
INFO: [VRFC 10-311] analyzing module RAM__blk_mem_gen_prim_width__parameterized9
INFO: [VRFC 10-311] analyzing module RAM__blk_mem_gen_prim_wrapper_init
INFO: [VRFC 10-311] analyzing module RAM__blk_mem_gen_prim_wrapper_init__parameterized0
INFO: [VRFC 10-311] analyzing module RAM__blk_mem_gen_prim_wrapper_init__parameterized1
INFO: [VRFC 10-311] analyzing module RAM__blk_mem_gen_prim_wrapper_init__parameterized10
INFO: [VRFC 10-311] analyzing module RAM__blk_mem_gen_prim_wrapper_init__parameterized11
INFO: [VRFC 10-311] analyzing module RAM__blk_mem_gen_prim_wrapper_init__parameterized12
INFO: [VRFC 10-311] analyzing module RAM__blk_mem_gen_prim_wrapper_init__parameterized13
INFO: [VRFC 10-311] analyzing module RAM__blk_mem_gen_prim_wrapper_init__parameterized2
INFO: [VRFC 10-311] analyzing module RAM__blk_mem_gen_prim_wrapper_init__parameterized3
INFO: [VRFC 10-311] analyzing module RAM__blk_mem_gen_prim_wrapper_init__parameterized4
INFO: [VRFC 10-311] analyzing module RAM__blk_mem_gen_prim_wrapper_init__parameterized5
INFO: [VRFC 10-311] analyzing module RAM__blk_mem_gen_prim_wrapper_init__parameterized6
INFO: [VRFC 10-311] analyzing module RAM__blk_mem_gen_prim_wrapper_init__parameterized7
INFO: [VRFC 10-311] analyzing module RAM__blk_mem_gen_prim_wrapper_init__parameterized8
INFO: [VRFC 10-311] analyzing module RAM__blk_mem_gen_prim_wrapper_init__parameterized9
INFO: [VRFC 10-311] analyzing module RAM__blk_mem_gen_top
INFO: [VRFC 10-311] analyzing module RAM__blk_mem_gen_v8_4_1
INFO: [VRFC 10-311] analyzing module RAM__blk_mem_gen_v8_4_1_synth
INFO: [VRFC 10-311] analyzing module ROM__bindec
INFO: [VRFC 10-311] analyzing module ROM__blk_mem_gen_generic_cstr
INFO: [VRFC 10-311] analyzing module ROM__blk_mem_gen_mux
INFO: [VRFC 10-311] analyzing module ROM__blk_mem_gen_prim_width
INFO: [VRFC 10-311] analyzing module ROM__blk_mem_gen_prim_width__parameterized0
INFO: [VRFC 10-311] analyzing module ROM__blk_mem_gen_prim_width__parameterized1
INFO: [VRFC 10-311] analyzing module ROM__blk_mem_gen_prim_width__parameterized10
INFO: [VRFC 10-311] analyzing module ROM__blk_mem_gen_prim_width__parameterized11
INFO: [VRFC 10-311] analyzing module ROM__blk_mem_gen_prim_width__parameterized12
INFO: [VRFC 10-311] analyzing module ROM__blk_mem_gen_prim_width__parameterized13
INFO: [VRFC 10-311] analyzing module ROM__blk_mem_gen_prim_width__parameterized2
INFO: [VRFC 10-311] analyzing module ROM__blk_mem_gen_prim_width__parameterized3
INFO: [VRFC 10-311] analyzing module ROM__blk_mem_gen_prim_width__parameterized4
INFO: [VRFC 10-311] analyzing module ROM__blk_mem_gen_prim_width__parameterized5
INFO: [VRFC 10-311] analyzing module ROM__blk_mem_gen_prim_width__parameterized6
INFO: [VRFC 10-311] analyzing module ROM__blk_mem_gen_prim_width__parameterized7
INFO: [VRFC 10-311] analyzing module ROM__blk_mem_gen_prim_width__parameterized8
INFO: [VRFC 10-311] analyzing module ROM__blk_mem_gen_prim_width__parameterized9
INFO: [VRFC 10-311] analyzing module ROM__blk_mem_gen_prim_wrapper_init
INFO: [VRFC 10-311] analyzing module ROM__blk_mem_gen_prim_wrapper_init__parameterized0
INFO: [VRFC 10-311] analyzing module ROM__blk_mem_gen_prim_wrapper_init__parameterized1
INFO: [VRFC 10-311] analyzing module ROM__blk_mem_gen_prim_wrapper_init__parameterized10
INFO: [VRFC 10-311] analyzing module ROM__blk_mem_gen_prim_wrapper_init__parameterized11
INFO: [VRFC 10-311] analyzing module ROM__blk_mem_gen_prim_wrapper_init__parameterized12
INFO: [VRFC 10-311] analyzing module ROM__blk_mem_gen_prim_wrapper_init__parameterized13
INFO: [VRFC 10-311] analyzing module ROM__blk_mem_gen_prim_wrapper_init__parameterized2
INFO: [VRFC 10-311] analyzing module ROM__blk_mem_gen_prim_wrapper_init__parameterized3
INFO: [VRFC 10-311] analyzing module ROM__blk_mem_gen_prim_wrapper_init__parameterized4
INFO: [VRFC 10-311] analyzing module ROM__blk_mem_gen_prim_wrapper_init__parameterized5
INFO: [VRFC 10-311] analyzing module ROM__blk_mem_gen_prim_wrapper_init__parameterized6
INFO: [VRFC 10-311] analyzing module ROM__blk_mem_gen_prim_wrapper_init__parameterized7
INFO: [VRFC 10-311] analyzing module ROM__blk_mem_gen_prim_wrapper_init__parameterized8
INFO: [VRFC 10-311] analyzing module ROM__blk_mem_gen_prim_wrapper_init__parameterized9
INFO: [VRFC 10-311] analyzing module ROM__blk_mem_gen_top
INFO: [VRFC 10-311] analyzing module ROM__blk_mem_gen_v8_4_1
INFO: [VRFC 10-311] analyzing module ROM__blk_mem_gen_v8_4_1_synth
INFO: [VRFC 10-311] analyzing module glbl
INFO: [VRFC 10-2263] Analyzing Verilog file "D:/lhy/semester2-2/computer_organization/lab/CS214-Proj/proj.srcs/sim_1/new/cpu_test.v" into library xil_defaultlib
INFO: [VRFC 10-311] analyzing module cpu_test
