Copyright 1986-2017 Xilinx, Inc. All Rights Reserved.
-----------------------------------------------------------------------------------------
| Tool Version : Vivado v.2017.4 (win64) Build 2086221 Fri Dec 15 20:55:39 MST 2017
| Date         : Wed May 24 22:47:45 2023
| Host         : LAPTOP-L3QUOT52 running 64-bit major release  (build 9200)
| Command      : report_control_sets -verbose -file pipelinedcpu_control_sets_placed.rpt
| Design       : pipelinedcpu
| Device       : xc7a100t
-----------------------------------------------------------------------------------------

Control Set Information

Table of Contents
-----------------
1. Summary
2. Flip-Flop Distribution
3. Detailed Control Set Information

1. Summary
----------

+----------------------------------------------------------+-------+
|                          Status                          | Count |
+----------------------------------------------------------+-------+
| Number of unique control sets                            |    41 |
| Unused register locations in slices containing registers |    22 |
+----------------------------------------------------------+-------+


2. Flip-Flop Distribution
-------------------------

+--------------+-----------------------+------------------------+-----------------+--------------+
| Clock Enable | Synchronous Set/Reset | Asynchronous Set/Reset | Total Registers | Total Slices |
+--------------+-----------------------+------------------------+-----------------+--------------+
| No           | No                    | No                     |              36 |           17 |
| No           | No                    | Yes                    |             279 |           98 |
| No           | Yes                   | No                     |              31 |            8 |
| Yes          | No                    | No                     |               0 |            0 |
| Yes          | No                    | Yes                    |            1088 |          461 |
| Yes          | Yes                   | No                     |               0 |            0 |
+--------------+-----------------------+------------------------+-----------------+--------------+


3. Detailed Control Set Information
-----------------------------------

+----------------------------------------------+--------------------------------------+------------------+------------------+----------------+
|                 Clock Signal                 |             Enable Signal            | Set/Reset Signal | Slice Load Count | Bel Load Count |
+----------------------------------------------+--------------------------------------+------------------+------------------+----------------+
|  mem_stage/io_processor/iwled_reg_i_1_n_0    |                                      |                  |                1 |              1 |
|  clk_IBUF_BUFG                               |                                      |                  |                2 |              2 |
|  sd/clkout_reg_n_0                           |                                      |                  |                2 |              3 |
|  memclk1/inst/clk_out1                       |                                      |                  |                2 |              6 |
|  mem_stage/io_processor/out2_reg[7]_i_1_n_0  |                                      |                  |                3 |              8 |
|  button_IBUF_BUFG                            |                                      | reset_IBUF       |                4 |              8 |
|  mem_stage/io_processor/out1_reg[15]_i_1_n_0 |                                      |                  |                7 |             16 |
|  clk_IBUF_BUFG                               |                                      | sd/clkout        |                8 |             31 |
| ~cpuclk1/inst/clk_out1                       | id_stage/rf/register[8][31]_i_1_n_0  | reset_IBUF       |               10 |             32 |
| ~cpuclk1/inst/clk_out1                       | id_stage/rf/register[11][31]_i_1_n_0 | reset_IBUF       |               27 |             32 |
| ~cpuclk1/inst/clk_out1                       | id_stage/rf/register[30][31]_i_1_n_0 | reset_IBUF       |               23 |             32 |
| ~cpuclk1/inst/clk_out1                       | id_stage/rf/register[10][31]_i_1_n_0 | reset_IBUF       |                9 |             32 |
| ~cpuclk1/inst/clk_out1                       | id_stage/rf/register[12][31]_i_1_n_0 | reset_IBUF       |                9 |             32 |
| ~cpuclk1/inst/clk_out1                       | id_stage/rf/register[25][31]_i_1_n_0 | reset_IBUF       |               12 |             32 |
| ~cpuclk1/inst/clk_out1                       | id_stage/rf/register[31][31]_i_1_n_0 | reset_IBUF       |               24 |             32 |
| ~cpuclk1/inst/clk_out1                       | id_stage/rf/register[24][31]_i_1_n_0 | reset_IBUF       |               12 |             32 |
| ~cpuclk1/inst/clk_out1                       | id_stage/rf/register[4][31]_i_1_n_0  | reset_IBUF       |               10 |             32 |
| ~cpuclk1/inst/clk_out1                       | id_stage/rf/register[5][31]_i_1_n_0  | reset_IBUF       |                8 |             32 |
| ~cpuclk1/inst/clk_out1                       | id_stage/rf/register[6][31]_i_1_n_0  | reset_IBUF       |                9 |             32 |
| ~cpuclk1/inst/clk_out1                       | id_stage/rf/register[7][31]_i_1_n_0  | reset_IBUF       |               26 |             32 |
| ~cpuclk1/inst/clk_out1                       | id_stage/rf/register[18][31]_i_1_n_0 | reset_IBUF       |               13 |             32 |
| ~cpuclk1/inst/clk_out1                       | id_stage/rf/register[13][31]_i_1_n_0 | reset_IBUF       |               12 |             32 |
| ~cpuclk1/inst/clk_out1                       | id_stage/rf/register[26][31]_i_1_n_0 | reset_IBUF       |               13 |             32 |
| ~cpuclk1/inst/clk_out1                       | id_stage/rf/register[3][31]_i_1_n_0  | reset_IBUF       |                9 |             32 |
| ~cpuclk1/inst/clk_out1                       | id_stage/rf/register[27][31]_i_1_n_0 | reset_IBUF       |               15 |             32 |
| ~cpuclk1/inst/clk_out1                       | id_stage/rf/register[17][31]_i_1_n_0 | reset_IBUF       |               10 |             32 |
| ~cpuclk1/inst/clk_out1                       | id_stage/rf/register[21][31]_i_1_n_0 | reset_IBUF       |               14 |             32 |
| ~cpuclk1/inst/clk_out1                       | id_stage/rf/register[19][31]_i_1_n_0 | reset_IBUF       |               12 |             32 |
| ~cpuclk1/inst/clk_out1                       | id_stage/rf/register[23][31]_i_1_n_0 | reset_IBUF       |               10 |             32 |
| ~cpuclk1/inst/clk_out1                       | id_stage/rf/register[15][31]_i_1_n_0 | reset_IBUF       |               25 |             32 |
| ~cpuclk1/inst/clk_out1                       | id_stage/rf/register[16][31]_i_1_n_0 | reset_IBUF       |               13 |             32 |
| ~cpuclk1/inst/clk_out1                       | id_stage/rf/register[14][31]_i_1_n_0 | reset_IBUF       |                9 |             32 |
| ~cpuclk1/inst/clk_out1                       | id_stage/rf/register[20][31]_i_1_n_0 | reset_IBUF       |               13 |             32 |
| ~cpuclk1/inst/clk_out1                       | id_stage/rf/register[22][31]_i_1_n_0 | reset_IBUF       |               16 |             32 |
| ~cpuclk1/inst/clk_out1                       | id_stage/rf/register[28][31]_i_1_n_0 | reset_IBUF       |               11 |             32 |
| ~cpuclk1/inst/clk_out1                       | id_stage/rf/register[29][31]_i_1_n_0 | reset_IBUF       |               21 |             32 |
| ~cpuclk1/inst/clk_out1                       | id_stage/rf/register[2][31]_i_1_n_0  | reset_IBUF       |               10 |             32 |
| ~cpuclk1/inst/clk_out1                       | id_stage/rf/register[1][31]_i_1_n_0  | reset_IBUF       |               12 |             32 |
| ~cpuclk1/inst/clk_out1                       | id_stage/rf/register[9][31]_i_1_n_0  | reset_IBUF       |               11 |             32 |
|  cpuclk1/inst/clk_out1                       | id_stage/cu/nostall                  | reset_IBUF       |               33 |             96 |
|  cpuclk1/inst/clk_out1                       |                                      | reset_IBUF       |               94 |            271 |
+----------------------------------------------+--------------------------------------+------------------+------------------+----------------+


+--------+-----------------------+
| Fanout | Number of ControlSets |
+--------+-----------------------+
| 1      |                     1 |
| 2      |                     1 |
| 3      |                     1 |
| 6      |                     1 |
| 8      |                     2 |
| 16+    |                    35 |
+--------+-----------------------+


